<?xml version="1.0" encoding="UTF-8"?>
<testExecutions version="1">
  <file path="C:\Users\jrossi04\marvel-app\src\api\characters-api.test.js">
    <testCase name="getCharacters should return characters sorted by name in ascending order by default" duration="12"/>
    <testCase name="getCharacters should return characters sorted by name in descending order" duration="0"/>
    <testCase name="getCharacters should return characters sorted by modified date in ascending order" duration="0"/>
    <testCase name="getCharacters should return characters sorted by modified date in descending order" duration="1"/>
    <testCase name="getCharacterById should return the character with the provided id" duration="0"/>
    <testCase name="getCharacterById should throw an error if the character with the provided id does not exist" duration="2"/>
  </file>
</testExecutions>