<?xml version="1.0" encoding="UTF-8"?>
<testExecutions version="1">
  <file path="C:\Users\jrossi04\marvel-app\src\components\CharacterDetail.test.jsx">
    <testCase name="CharacterDetail component renders character image, description and modification date" duration="22"/>
    <testCase name="CharacterDetail component renders default description when no description is available" duration="3"/>
    <testCase name="CharacterDetail component renders default modification date when no modification date is available" duration="4"/>
  </file>
</testExecutions>