<?xml version="1.0" encoding="UTF-8"?>
<testExecutions version="1">
  <file path="C:\Users\jrossi04\marvel-app\src\components\NumberOfCharacters.test.jsx">
    <testCase name="renders &quot;There is no character&quot; when characters array is empty" duration="26"/>
    <testCase name="renders the correct number of characters when characters array is not empty" duration="4"/>
    <testCase name="renders &quot;There is no character&quot; when no characters are provided" duration="2"/>
    <testCase name="renders &quot;There is one character&quot; when one character is provided" duration="2"/>
  </file>
  <file path="C:\Users\jrossi04\marvel-app\src\pages\CharactersPage.test.jsx">
    <testCase name="render CharactersPage component" duration="50"/>
  </file>
</testExecutions>